<?xml version="1.0" encoding="UTF-8"?>
<testsuite xmlns:xsi="http://www.w3.org/2001/XMLSchema-instance" xsi:noNamespaceSchemaLocation="https://maven.apache.org/surefire/maven-surefire-plugin/xsd/surefire-test-report.xsd" name="Parallel001Bddtest" time="5.781" tests="1" errors="0" skipped="0" failures="0">
  <properties>
    <property name="sun.desktop" value="gnome"/>
    <property name="awt.toolkit" value="sun.awt.X11.XToolkit"/>
    <property name="file.encoding.pkg" value="sun.io"/>
    <property name="java.specification.version" value="1.8"/>
    <property name="sun.cpu.isalist" value=""/>
    <property name="sun.jnu.encoding" value="UTF-8"/>
    <property name="java.class.path" value="/home/hher/Documents/GitHub hongiaher repo/Cucumber_JVM_BDD/target/test-classes:/home/hher/Documents/GitHub hongiaher repo/Cucumber_JVM_BDD/target/classes:/home/hher/.m2/repository/io/cucumber/cucumber-core/4.2.4/cucumber-core-4.2.4.jar:/home/hher/.m2/repository/io/cucumber/cucumber-html/0.2.7/cucumber-html-0.2.7.jar:/home/hher/.m2/repository/io/cucumber/gherkin/5.1.0/gherkin-5.1.0.jar:/home/hher/.m2/repository/io/cucumber/tag-expressions/1.1.1/tag-expressions-1.1.1.jar:/home/hher/.m2/repository/io/cucumber/cucumber-expressions/6.2.0/cucumber-expressions-6.2.0.jar:/home/hher/.m2/repository/io/cucumber/datatable/1.1.12/datatable-1.1.12.jar:/home/hher/.m2/repository/io/cucumber/datatable-dependencies/1.1.12/datatable-dependencies-1.1.12.jar:/home/hher/.m2/repository/io/cucumber/cucumber-junit/4.2.4/cucumber-junit-4.2.4.jar:/home/hher/.m2/repository/junit/junit/4.12/junit-4.12.jar:/home/hher/.m2/repository/org/hamcrest/hamcrest-core/1.3/hamcrest-core-1.3.jar:/home/hher/.m2/repository/io/cucumber/cucumber-java/4.2.4/cucumber-java-4.2.4.jar:/home/hher/.m2/repository/org/seleniumhq/selenium/selenium-java/3.6.0/selenium-java-3.6.0.jar:/home/hher/.m2/repository/org/seleniumhq/selenium/selenium-api/3.6.0/selenium-api-3.6.0.jar:/home/hher/.m2/repository/org/seleniumhq/selenium/selenium-chrome-driver/3.6.0/selenium-chrome-driver-3.6.0.jar:/home/hher/.m2/repository/org/seleniumhq/selenium/selenium-edge-driver/3.6.0/selenium-edge-driver-3.6.0.jar:/home/hher/.m2/repository/org/seleniumhq/selenium/selenium-firefox-driver/3.6.0/selenium-firefox-driver-3.6.0.jar:/home/hher/.m2/repository/org/seleniumhq/selenium/selenium-ie-driver/3.6.0/selenium-ie-driver-3.6.0.jar:/home/hher/.m2/repository/org/seleniumhq/selenium/selenium-opera-driver/3.6.0/selenium-opera-driver-3.6.0.jar:/home/hher/.m2/repository/org/seleniumhq/selenium/selenium-remote-driver/3.6.0/selenium-remote-driver-3.6.0.jar:/home/hher/.m2/repository/org/seleniumhq/selenium/selenium-safari-driver/3.6.0/selenium-safari-driver-3.6.0.jar:/home/hher/.m2/repository/org/seleniumhq/selenium/selenium-support/3.6.0/selenium-support-3.6.0.jar:/home/hher/.m2/repository/net/bytebuddy/byte-buddy/1.7.5/byte-buddy-1.7.5.jar:/home/hher/.m2/repository/org/apache/commons/commons-exec/1.3/commons-exec-1.3.jar:/home/hher/.m2/repository/commons-codec/commons-codec/1.10/commons-codec-1.10.jar:/home/hher/.m2/repository/commons-logging/commons-logging/1.2/commons-logging-1.2.jar:/home/hher/.m2/repository/com/google/code/gson/gson/2.8.0/gson-2.8.0.jar:/home/hher/.m2/repository/com/google/guava/guava/23.0/guava-23.0.jar:/home/hher/.m2/repository/com/google/code/findbugs/jsr305/1.3.9/jsr305-1.3.9.jar:/home/hher/.m2/repository/com/google/errorprone/error_prone_annotations/2.0.18/error_prone_annotations-2.0.18.jar:/home/hher/.m2/repository/com/google/j2objc/j2objc-annotations/1.1/j2objc-annotations-1.1.jar:/home/hher/.m2/repository/org/codehaus/mojo/animal-sniffer-annotations/1.14/animal-sniffer-annotations-1.14.jar:/home/hher/.m2/repository/org/apache/httpcomponents/httpclient/4.5.3/httpclient-4.5.3.jar:/home/hher/.m2/repository/org/apache/httpcomponents/httpcore/4.4.6/httpcore-4.4.6.jar:/home/hher/.m2/repository/net/java/dev/jna/jna/4.1.0/jna-4.1.0.jar:/home/hher/.m2/repository/net/java/dev/jna/jna-platform/4.1.0/jna-platform-4.1.0.jar:/home/hher/.m2/repository/org/apache/maven/plugins/maven-compiler-plugin/3.7.0/maven-compiler-plugin-3.7.0.jar:/home/hher/.m2/repository/org/apache/maven/maven-plugin-api/3.0/maven-plugin-api-3.0.jar:/home/hher/.m2/repository/org/sonatype/sisu/sisu-inject-plexus/1.4.2/sisu-inject-plexus-1.4.2.jar:/home/hher/.m2/repository/org/sonatype/sisu/sisu-inject-bean/1.4.2/sisu-inject-bean-1.4.2.jar:/home/hher/.m2/repository/org/sonatype/sisu/sisu-guice/2.1.7/sisu-guice-2.1.7-noaop.jar:/home/hher/.m2/repository/org/apache/maven/maven-artifact/3.0/maven-artifact-3.0.jar:/home/hher/.m2/repository/org/apache/maven/maven-core/3.0/maven-core-3.0.jar:/home/hher/.m2/repository/org/apache/maven/maven-settings/3.0/maven-settings-3.0.jar:/home/hher/.m2/repository/org/apache/maven/maven-settings-builder/3.0/maven-settings-builder-3.0.jar:/home/hher/.m2/repository/org/apache/maven/maven-repository-metadata/3.0/maven-repository-metadata-3.0.jar:/home/hher/.m2/repository/org/apache/maven/maven-model-builder/3.0/maven-model-builder-3.0.jar:/home/hher/.m2/repository/org/apache/maven/maven-aether-provider/3.0/maven-aether-provider-3.0.jar:/home/hher/.m2/repository/org/sonatype/aether/aether-impl/1.7/aether-impl-1.7.jar:/home/hher/.m2/repository/org/sonatype/aether/aether-spi/1.7/aether-spi-1.7.jar:/home/hher/.m2/repository/org/sonatype/aether/aether-api/1.7/aether-api-1.7.jar:/home/hher/.m2/repository/org/sonatype/aether/aether-util/1.7/aether-util-1.7.jar:/home/hher/.m2/repository/org/codehaus/plexus/plexus-interpolation/1.14/plexus-interpolation-1.14.jar:/home/hher/.m2/repository/org/codehaus/plexus/plexus-classworlds/2.2.3/plexus-classworlds-2.2.3.jar:/home/hher/.m2/repository/org/codehaus/plexus/plexus-component-annotations/1.5.5/plexus-component-annotations-1.5.5.jar:/home/hher/.m2/repository/org/sonatype/plexus/plexus-sec-dispatcher/1.3/plexus-sec-dispatcher-1.3.jar:/home/hher/.m2/repository/org/sonatype/plexus/plexus-cipher/1.4/plexus-cipher-1.4.jar:/home/hher/.m2/repository/org/apache/maven/shared/maven-shared-utils/3.1.0/maven-shared-utils-3.1.0.jar:/home/hher/.m2/repository/org/apache/maven/shared/maven-shared-incremental/1.1/maven-shared-incremental-1.1.jar:/home/hher/.m2/repository/org/codehaus/plexus/plexus-java/0.9.2/plexus-java-0.9.2.jar:/home/hher/.m2/repository/org/ow2/asm/asm/6.0_BETA/asm-6.0_BETA.jar:/home/hher/.m2/repository/com/thoughtworks/qdox/qdox/2.0-M7/qdox-2.0-M7.jar:/home/hher/.m2/repository/org/codehaus/plexus/plexus-compiler-api/2.8.2/plexus-compiler-api-2.8.2.jar:/home/hher/.m2/repository/org/codehaus/plexus/plexus-compiler-manager/2.8.2/plexus-compiler-manager-2.8.2.jar:/home/hher/.m2/repository/org/codehaus/plexus/plexus-compiler-javac/2.8.2/plexus-compiler-javac-2.8.2.jar:/home/hher/.m2/repository/com/github/temyers/cucumber-jvm-parallel-plugin/5.0.0/cucumber-jvm-parallel-plugin-5.0.0.jar:/home/hher/.m2/repository/commons-io/commons-io/2.4/commons-io-2.4.jar:/home/hher/.m2/repository/org/apache/velocity/velocity/1.7/velocity-1.7.jar:/home/hher/.m2/repository/commons-collections/commons-collections/3.2.1/commons-collections-3.2.1.jar:/home/hher/.m2/repository/commons-lang/commons-lang/2.4/commons-lang-2.4.jar:/home/hher/.m2/repository/org/projectlombok/lombok/1.16.10/lombok-1.16.10.jar:/home/hher/.m2/repository/org/apache/commons/commons-lang3/3.5/commons-lang3-3.5.jar:/home/hher/.m2/repository/org/apache/maven/plugins/maven-surefire-plugin/2.22.1/maven-surefire-plugin-2.22.1.jar:/home/hher/.m2/repository/org/apache/maven/surefire/maven-surefire-common/2.22.1/maven-surefire-common-2.22.1.jar:/home/hher/.m2/repository/org/apache/maven/plugin-tools/maven-plugin-annotations/3.5.2/maven-plugin-annotations-3.5.2.jar:/home/hher/.m2/repository/org/apache/maven/surefire/surefire-api/2.22.1/surefire-api-2.22.1.jar:/home/hher/.m2/repository/org/apache/maven/surefire/surefire-logger-api/2.22.1/surefire-logger-api-2.22.1.jar:/home/hher/.m2/repository/org/apache/maven/surefire/surefire-booter/2.22.1/surefire-booter-2.22.1.jar:/home/hher/.m2/repository/org/apache/maven/maven-plugin-descriptor/2.2.1/maven-plugin-descriptor-2.2.1.jar:/home/hher/.m2/repository/org/codehaus/plexus/plexus-container-default/1.0-alpha-9-stable-1/plexus-container-default-1.0-alpha-9-stable-1.jar:/home/hher/.m2/repository/classworlds/classworlds/1.1-alpha-2/classworlds-1.1-alpha-2.jar:/home/hher/.m2/repository/org/apache/maven/maven-project/2.2.1/maven-project-2.2.1.jar:/home/hher/.m2/repository/org/apache/maven/maven-profile/2.2.1/maven-profile-2.2.1.jar:/home/hher/.m2/repository/org/apache/maven/maven-artifact-manager/2.2.1/maven-artifact-manager-2.2.1.jar:/home/hher/.m2/repository/org/apache/maven/wagon/wagon-provider-api/1.0-beta-6/wagon-provider-api-1.0-beta-6.jar:/home/hher/.m2/repository/backport-util-concurrent/backport-util-concurrent/3.1/backport-util-concurrent-3.1.jar:/home/hher/.m2/repository/org/apache/maven/maven-plugin-registry/2.2.1/maven-plugin-registry-2.2.1.jar:/home/hher/.m2/repository/org/apache/maven/maven-toolchain/2.2.1/maven-toolchain-2.2.1.jar:/home/hher/.m2/repository/org/apache/maven/plugins/maven-source-plugin/3.0.1/maven-source-plugin-3.0.1.jar:/home/hher/.m2/repository/org/apache/maven/maven-model/3.0/maven-model-3.0.jar:/home/hher/.m2/repository/org/apache/maven/maven-archiver/3.1.1/maven-archiver-3.1.1.jar:/home/hher/.m2/repository/org/codehaus/plexus/plexus-archiver/3.4/plexus-archiver-3.4.jar:/home/hher/.m2/repository/org/codehaus/plexus/plexus-io/2.7.1/plexus-io-2.7.1.jar:/home/hher/.m2/repository/org/apache/commons/commons-compress/1.11/commons-compress-1.11.jar:/home/hher/.m2/repository/org/iq80/snappy/snappy/0.4/snappy-0.4.jar:/home/hher/.m2/repository/org/tukaani/xz/1.5/xz-1.5.jar:/home/hher/.m2/repository/org/codehaus/plexus/plexus-utils/3.0.24/plexus-utils-3.0.24.jar:"/>
    <property name="java.vm.vendor" value="Oracle Corporation"/>
    <property name="sun.arch.data.model" value="64"/>
    <property name="java.vendor.url" value="http://java.oracle.com/"/>
    <property name="user.timezone" value=""/>
    <property name="java.vm.specification.version" value="1.8"/>
    <property name="os.name" value="Linux"/>
    <property name="user.country" value="US"/>
    <property name="sun.java.launcher" value="SUN_STANDARD"/>
    <property name="sun.boot.library.path" value="/usr/lib/jvm/java-8-oracle/jre/lib/amd64"/>
    <property name="sun.java.command" value="/home/hher/Documents/GitHub hongiaher repo/Cucumber_JVM_BDD/target/surefire/surefirebooter4546865134646856112.jar /home/hher/Documents/GitHub hongiaher repo/Cucumber_JVM_BDD/target/surefire 2019-02-28T17-49-42_109-jvmRun2 surefire1228445779015207793tmp surefire_03159824616401358155tmp"/>
    <property name="surefire.test.class.path" value="/home/hher/Documents/GitHub hongiaher repo/Cucumber_JVM_BDD/target/test-classes:/home/hher/Documents/GitHub hongiaher repo/Cucumber_JVM_BDD/target/classes:/home/hher/.m2/repository/io/cucumber/cucumber-core/4.2.4/cucumber-core-4.2.4.jar:/home/hher/.m2/repository/io/cucumber/cucumber-html/0.2.7/cucumber-html-0.2.7.jar:/home/hher/.m2/repository/io/cucumber/gherkin/5.1.0/gherkin-5.1.0.jar:/home/hher/.m2/repository/io/cucumber/tag-expressions/1.1.1/tag-expressions-1.1.1.jar:/home/hher/.m2/repository/io/cucumber/cucumber-expressions/6.2.0/cucumber-expressions-6.2.0.jar:/home/hher/.m2/repository/io/cucumber/datatable/1.1.12/datatable-1.1.12.jar:/home/hher/.m2/repository/io/cucumber/datatable-dependencies/1.1.12/datatable-dependencies-1.1.12.jar:/home/hher/.m2/repository/io/cucumber/cucumber-junit/4.2.4/cucumber-junit-4.2.4.jar:/home/hher/.m2/repository/junit/junit/4.12/junit-4.12.jar:/home/hher/.m2/repository/org/hamcrest/hamcrest-core/1.3/hamcrest-core-1.3.jar:/home/hher/.m2/repository/io/cucumber/cucumber-java/4.2.4/cucumber-java-4.2.4.jar:/home/hher/.m2/repository/org/seleniumhq/selenium/selenium-java/3.6.0/selenium-java-3.6.0.jar:/home/hher/.m2/repository/org/seleniumhq/selenium/selenium-api/3.6.0/selenium-api-3.6.0.jar:/home/hher/.m2/repository/org/seleniumhq/selenium/selenium-chrome-driver/3.6.0/selenium-chrome-driver-3.6.0.jar:/home/hher/.m2/repository/org/seleniumhq/selenium/selenium-edge-driver/3.6.0/selenium-edge-driver-3.6.0.jar:/home/hher/.m2/repository/org/seleniumhq/selenium/selenium-firefox-driver/3.6.0/selenium-firefox-driver-3.6.0.jar:/home/hher/.m2/repository/org/seleniumhq/selenium/selenium-ie-driver/3.6.0/selenium-ie-driver-3.6.0.jar:/home/hher/.m2/repository/org/seleniumhq/selenium/selenium-opera-driver/3.6.0/selenium-opera-driver-3.6.0.jar:/home/hher/.m2/repository/org/seleniumhq/selenium/selenium-remote-driver/3.6.0/selenium-remote-driver-3.6.0.jar:/home/hher/.m2/repository/org/seleniumhq/selenium/selenium-safari-driver/3.6.0/selenium-safari-driver-3.6.0.jar:/home/hher/.m2/repository/org/seleniumhq/selenium/selenium-support/3.6.0/selenium-support-3.6.0.jar:/home/hher/.m2/repository/net/bytebuddy/byte-buddy/1.7.5/byte-buddy-1.7.5.jar:/home/hher/.m2/repository/org/apache/commons/commons-exec/1.3/commons-exec-1.3.jar:/home/hher/.m2/repository/commons-codec/commons-codec/1.10/commons-codec-1.10.jar:/home/hher/.m2/repository/commons-logging/commons-logging/1.2/commons-logging-1.2.jar:/home/hher/.m2/repository/com/google/code/gson/gson/2.8.0/gson-2.8.0.jar:/home/hher/.m2/repository/com/google/guava/guava/23.0/guava-23.0.jar:/home/hher/.m2/repository/com/google/code/findbugs/jsr305/1.3.9/jsr305-1.3.9.jar:/home/hher/.m2/repository/com/google/errorprone/error_prone_annotations/2.0.18/error_prone_annotations-2.0.18.jar:/home/hher/.m2/repository/com/google/j2objc/j2objc-annotations/1.1/j2objc-annotations-1.1.jar:/home/hher/.m2/repository/org/codehaus/mojo/animal-sniffer-annotations/1.14/animal-sniffer-annotations-1.14.jar:/home/hher/.m2/repository/org/apache/httpcomponents/httpclient/4.5.3/httpclient-4.5.3.jar:/home/hher/.m2/repository/org/apache/httpcomponents/httpcore/4.4.6/httpcore-4.4.6.jar:/home/hher/.m2/repository/net/java/dev/jna/jna/4.1.0/jna-4.1.0.jar:/home/hher/.m2/repository/net/java/dev/jna/jna-platform/4.1.0/jna-platform-4.1.0.jar:/home/hher/.m2/repository/org/apache/maven/plugins/maven-compiler-plugin/3.7.0/maven-compiler-plugin-3.7.0.jar:/home/hher/.m2/repository/org/apache/maven/maven-plugin-api/3.0/maven-plugin-api-3.0.jar:/home/hher/.m2/repository/org/sonatype/sisu/sisu-inject-plexus/1.4.2/sisu-inject-plexus-1.4.2.jar:/home/hher/.m2/repository/org/sonatype/sisu/sisu-inject-bean/1.4.2/sisu-inject-bean-1.4.2.jar:/home/hher/.m2/repository/org/sonatype/sisu/sisu-guice/2.1.7/sisu-guice-2.1.7-noaop.jar:/home/hher/.m2/repository/org/apache/maven/maven-artifact/3.0/maven-artifact-3.0.jar:/home/hher/.m2/repository/org/apache/maven/maven-core/3.0/maven-core-3.0.jar:/home/hher/.m2/repository/org/apache/maven/maven-settings/3.0/maven-settings-3.0.jar:/home/hher/.m2/repository/org/apache/maven/maven-settings-builder/3.0/maven-settings-builder-3.0.jar:/home/hher/.m2/repository/org/apache/maven/maven-repository-metadata/3.0/maven-repository-metadata-3.0.jar:/home/hher/.m2/repository/org/apache/maven/maven-model-builder/3.0/maven-model-builder-3.0.jar:/home/hher/.m2/repository/org/apache/maven/maven-aether-provider/3.0/maven-aether-provider-3.0.jar:/home/hher/.m2/repository/org/sonatype/aether/aether-impl/1.7/aether-impl-1.7.jar:/home/hher/.m2/repository/org/sonatype/aether/aether-spi/1.7/aether-spi-1.7.jar:/home/hher/.m2/repository/org/sonatype/aether/aether-api/1.7/aether-api-1.7.jar:/home/hher/.m2/repository/org/sonatype/aether/aether-util/1.7/aether-util-1.7.jar:/home/hher/.m2/repository/org/codehaus/plexus/plexus-interpolation/1.14/plexus-interpolation-1.14.jar:/home/hher/.m2/repository/org/codehaus/plexus/plexus-classworlds/2.2.3/plexus-classworlds-2.2.3.jar:/home/hher/.m2/repository/org/codehaus/plexus/plexus-component-annotations/1.5.5/plexus-component-annotations-1.5.5.jar:/home/hher/.m2/repository/org/sonatype/plexus/plexus-sec-dispatcher/1.3/plexus-sec-dispatcher-1.3.jar:/home/hher/.m2/repository/org/sonatype/plexus/plexus-cipher/1.4/plexus-cipher-1.4.jar:/home/hher/.m2/repository/org/apache/maven/shared/maven-shared-utils/3.1.0/maven-shared-utils-3.1.0.jar:/home/hher/.m2/repository/org/apache/maven/shared/maven-shared-incremental/1.1/maven-shared-incremental-1.1.jar:/home/hher/.m2/repository/org/codehaus/plexus/plexus-java/0.9.2/plexus-java-0.9.2.jar:/home/hher/.m2/repository/org/ow2/asm/asm/6.0_BETA/asm-6.0_BETA.jar:/home/hher/.m2/repository/com/thoughtworks/qdox/qdox/2.0-M7/qdox-2.0-M7.jar:/home/hher/.m2/repository/org/codehaus/plexus/plexus-compiler-api/2.8.2/plexus-compiler-api-2.8.2.jar:/home/hher/.m2/repository/org/codehaus/plexus/plexus-compiler-manager/2.8.2/plexus-compiler-manager-2.8.2.jar:/home/hher/.m2/repository/org/codehaus/plexus/plexus-compiler-javac/2.8.2/plexus-compiler-javac-2.8.2.jar:/home/hher/.m2/repository/com/github/temyers/cucumber-jvm-parallel-plugin/5.0.0/cucumber-jvm-parallel-plugin-5.0.0.jar:/home/hher/.m2/repository/commons-io/commons-io/2.4/commons-io-2.4.jar:/home/hher/.m2/repository/org/apache/velocity/velocity/1.7/velocity-1.7.jar:/home/hher/.m2/repository/commons-collections/commons-collections/3.2.1/commons-collections-3.2.1.jar:/home/hher/.m2/repository/commons-lang/commons-lang/2.4/commons-lang-2.4.jar:/home/hher/.m2/repository/org/projectlombok/lombok/1.16.10/lombok-1.16.10.jar:/home/hher/.m2/repository/org/apache/commons/commons-lang3/3.5/commons-lang3-3.5.jar:/home/hher/.m2/repository/org/apache/maven/plugins/maven-surefire-plugin/2.22.1/maven-surefire-plugin-2.22.1.jar:/home/hher/.m2/repository/org/apache/maven/surefire/maven-surefire-common/2.22.1/maven-surefire-common-2.22.1.jar:/home/hher/.m2/repository/org/apache/maven/plugin-tools/maven-plugin-annotations/3.5.2/maven-plugin-annotations-3.5.2.jar:/home/hher/.m2/repository/org/apache/maven/surefire/surefire-api/2.22.1/surefire-api-2.22.1.jar:/home/hher/.m2/repository/org/apache/maven/surefire/surefire-logger-api/2.22.1/surefire-logger-api-2.22.1.jar:/home/hher/.m2/repository/org/apache/maven/surefire/surefire-booter/2.22.1/surefire-booter-2.22.1.jar:/home/hher/.m2/repository/org/apache/maven/maven-plugin-descriptor/2.2.1/maven-plugin-descriptor-2.2.1.jar:/home/hher/.m2/repository/org/codehaus/plexus/plexus-container-default/1.0-alpha-9-stable-1/plexus-container-default-1.0-alpha-9-stable-1.jar:/home/hher/.m2/repository/classworlds/classworlds/1.1-alpha-2/classworlds-1.1-alpha-2.jar:/home/hher/.m2/repository/org/apache/maven/maven-project/2.2.1/maven-project-2.2.1.jar:/home/hher/.m2/repository/org/apache/maven/maven-profile/2.2.1/maven-profile-2.2.1.jar:/home/hher/.m2/repository/org/apache/maven/maven-artifact-manager/2.2.1/maven-artifact-manager-2.2.1.jar:/home/hher/.m2/repository/org/apache/maven/wagon/wagon-provider-api/1.0-beta-6/wagon-provider-api-1.0-beta-6.jar:/home/hher/.m2/repository/backport-util-concurrent/backport-util-concurrent/3.1/backport-util-concurrent-3.1.jar:/home/hher/.m2/repository/org/apache/maven/maven-plugin-registry/2.2.1/maven-plugin-registry-2.2.1.jar:/home/hher/.m2/repository/org/apache/maven/maven-toolchain/2.2.1/maven-toolchain-2.2.1.jar:/home/hher/.m2/repository/org/apache/maven/plugins/maven-source-plugin/3.0.1/maven-source-plugin-3.0.1.jar:/home/hher/.m2/repository/org/apache/maven/maven-model/3.0/maven-model-3.0.jar:/home/hher/.m2/repository/org/apache/maven/maven-archiver/3.1.1/maven-archiver-3.1.1.jar:/home/hher/.m2/repository/org/codehaus/plexus/plexus-archiver/3.4/plexus-archiver-3.4.jar:/home/hher/.m2/repository/org/codehaus/plexus/plexus-io/2.7.1/plexus-io-2.7.1.jar:/home/hher/.m2/repository/org/apache/commons/commons-compress/1.11/commons-compress-1.11.jar:/home/hher/.m2/repository/org/iq80/snappy/snappy/0.4/snappy-0.4.jar:/home/hher/.m2/repository/org/tukaani/xz/1.5/xz-1.5.jar:/home/hher/.m2/repository/org/codehaus/plexus/plexus-utils/3.0.24/plexus-utils-3.0.24.jar:"/>
    <property name="sun.cpu.endian" value="little"/>
    <property name="user.home" value="/home/hher"/>
    <property name="user.language" value="en"/>
    <property name="java.specification.vendor" value="Oracle Corporation"/>
    <property name="java.home" value="/usr/lib/jvm/java-8-oracle/jre"/>
    <property name="basedir" value="/home/hher/Documents/GitHub hongiaher repo/Cucumber_JVM_BDD"/>
    <property name="file.separator" value="/"/>
    <property name="line.separator" value="&#10;"/>
    <property name="java.vm.specification.vendor" value="Oracle Corporation"/>
    <property name="java.specification.name" value="Java Platform API Specification"/>
    <property name="java.awt.graphicsenv" value="sun.awt.X11GraphicsEnvironment"/>
    <property name="surefire.real.class.path" value="/home/hher/Documents/GitHub hongiaher repo/Cucumber_JVM_BDD/target/surefire/surefirebooter4546865134646856112.jar"/>
    <property name="sun.boot.class.path" value="/usr/lib/jvm/java-8-oracle/jre/lib/resources.jar:/usr/lib/jvm/java-8-oracle/jre/lib/rt.jar:/usr/lib/jvm/java-8-oracle/jre/lib/sunrsasign.jar:/usr/lib/jvm/java-8-oracle/jre/lib/jsse.jar:/usr/lib/jvm/java-8-oracle/jre/lib/jce.jar:/usr/lib/jvm/java-8-oracle/jre/lib/charsets.jar:/usr/lib/jvm/java-8-oracle/jre/lib/jfr.jar:/usr/lib/jvm/java-8-oracle/jre/classes"/>
    <property name="sun.management.compiler" value="HotSpot 64-Bit Tiered Compilers"/>
    <property name="java.runtime.version" value="1.8.0_201-b09"/>
    <property name="user.name" value="hher"/>
    <property name="path.separator" value=":"/>
    <property name="os.version" value="4.15.0-45-generic"/>
    <property name="java.endorsed.dirs" value="/usr/lib/jvm/java-8-oracle/jre/lib/endorsed"/>
    <property name="java.runtime.name" value="Java(TM) SE Runtime Environment"/>
    <property name="file.encoding" value="UTF-8"/>
    <property name="java.vm.name" value="Java HotSpot(TM) 64-Bit Server VM"/>
    <property name="localRepository" value="/home/hher/.m2/repository"/>
    <property name="java.vendor.url.bug" value="http://bugreport.sun.com/bugreport/"/>
    <property name="java.io.tmpdir" value="/tmp"/>
    <property name="java.version" value="1.8.0_201"/>
    <property name="user.dir" value="/home/hher/Documents/GitHub hongiaher repo/Cucumber_JVM_BDD"/>
    <property name="os.arch" value="amd64"/>
    <property name="java.vm.specification.name" value="Java Virtual Machine Specification"/>
    <property name="java.awt.printerjob" value="sun.print.PSPrinterJob"/>
    <property name="sun.os.patch.level" value="unknown"/>
    <property name="java.library.path" value="/usr/java/packages/lib/amd64:/usr/lib64:/lib64:/lib:/usr/lib"/>
    <property name="java.vm.info" value="mixed mode"/>
    <property name="java.vendor" value="Oracle Corporation"/>
    <property name="java.vm.version" value="25.201-b09"/>
    <property name="java.ext.dirs" value="/usr/lib/jvm/java-8-oracle/jre/lib/ext:/usr/java/packages/lib/ext"/>
    <property name="sun.io.unicode.encoding" value="UnicodeLittle"/>
    <property name="java.class.version" value="52.0"/>
  </properties>
  <testcase name="Direct search article" classname="Search Wikipedia" time="5.123"/>
</testsuite>