<?xml version="1.0" encoding="UTF-8"?>
<!-- Generated by org.testng.reporters.JUnitReportReporter -->
<testsuite hostname="ubuntu" name="steps.RunWikipediaTest" tests="2" failures="0" timestamp="28 Feb 2019 20:24:38 GMT" time="8.704" errors="0">
  <testcase name="feature" time="4.394" classname="steps.RunWikipediaTest"/>
  <testcase name="feature" time="4.310" classname="steps.RunWikipediaTest"/>
</testsuite> <!-- steps.RunWikipediaTest -->
